{"timestamp":"2025-11-24T13:07:17.817568Z","level":"info","event":"DAG bundles loaded: dags-folder","logger":"airflow.dag_processing.bundles.manager.DagBundlesManager","filename":"manager.py","lineno":179}
{"timestamp":"2025-11-24T13:07:17.819231Z","level":"info","event":"Filling up the DagBag from /opt/airflow/dags/full_model_dags.py","logger":"airflow.models.dagbag.DagBag","filename":"dagbag.py","lineno":593}
{"timestamp":"2025-11-24T13:07:18.217888Z","level":"info","event":"Starting docker container from image ml_pipeline:latest","logger":"airflow.task.operators.airflow.providers.docker.operators.docker.DockerOperator","filename":"docker.py","lineno":355}
{"timestamp":"2025-11-24T13:07:18.666612Z","level":"info","event":"root","logger":"airflow.task.operators.airflow.providers.docker.operators.docker.DockerOperator","filename":"docker.py","lineno":66}
{"timestamp":"2025-11-24T13:07:18.673644Z","level":"info","event":"-rw----r-- 1 1000 1000 525 Nov 15 12:46 /root/.config/rclone/rclone.conf","logger":"airflow.task.operators.airflow.providers.docker.operators.docker.DockerOperator","filename":"docker.py","lineno":66}
{"timestamp":"2025-11-24T13:07:24.103276Z","level":"info","event":"2025/11/24 13:07:24 ERROR : Failed to save config after 10 tries: failed to move previous config to backup location: rename /root/.config/rclone/rclone.conf /root/.config/rclone/rclone.conf.old: device or resource busy","logger":"airflow.task.operators.airflow.providers.docker.operators.docker.DockerOperator","filename":"docker.py","lineno":66}
{"timestamp":"2025-11-24T13:07:26.132424Z","level":"info","event":"Transferred:   \t          0 B / 0 B, -, 0 B/s, ETA -","logger":"airflow.task.operators.airflow.providers.docker.operators.docker.DockerOperator","filename":"docker.py","lineno":66}
{"timestamp":"2025-11-24T13:07:26.132737Z","level":"info","event":"Elapsed time:         7.1s","logger":"airflow.task.operators.airflow.providers.docker.operators.docker.DockerOperator","filename":"docker.py","lineno":66}
{"timestamp":"2025-11-24T13:07:26.631756Z","level":"info","event":"Transferred:   \t          0 B / 0 B, -, 0 B/s, ETA -","logger":"airflow.task.operators.airflow.providers.docker.operators.docker.DockerOperator","filename":"docker.py","lineno":66}
{"timestamp":"2025-11-24T13:07:26.632094Z","level":"info","event":"Transferred:            0 / 2, 0%","logger":"airflow.task.operators.airflow.providers.docker.operators.docker.DockerOperator","filename":"docker.py","lineno":66}
{"timestamp":"2025-11-24T13:07:26.632337Z","level":"info","event":"Elapsed time:         7.6s","logger":"airflow.task.operators.airflow.providers.docker.operators.docker.DockerOperator","filename":"docker.py","lineno":66}
{"timestamp":"2025-11-24T13:07:26.632505Z","level":"info","event":"Transferring:","logger":"airflow.task.operators.airflow.providers.docker.operators.docker.DockerOperator","filename":"docker.py","lineno":66}
{"timestamp":"2025-11-24T13:07:26.632650Z","level":"info","event":" *                                    images.png: transferring","logger":"airflow.task.operators.airflow.providers.docker.operators.docker.DockerOperator","filename":"docker.py","lineno":66}
{"timestamp":"2025-11-24T13:07:26.632791Z","level":"info","event":" * psd-black-smartphone-w…isolated_1409-3968.jpg: transferring","logger":"airflow.task.operators.airflow.providers.docker.operators.docker.DockerOperator","filename":"docker.py","lineno":66}
{"timestamp":"2025-11-24T13:07:27.132171Z","level":"info","event":"Transferred:   \t          0 B / 0 B, -, 0 B/s, ETA -","logger":"airflow.task.operators.airflow.providers.docker.operators.docker.DockerOperator","filename":"docker.py","lineno":66}
{"timestamp":"2025-11-24T13:07:27.132531Z","level":"info","event":"Transferred:            0 / 2, 0%","logger":"airflow.task.operators.airflow.providers.docker.operators.docker.DockerOperator","filename":"docker.py","lineno":66}
{"timestamp":"2025-11-24T13:07:27.132706Z","level":"info","event":"Elapsed time:         8.1s","logger":"airflow.task.operators.airflow.providers.docker.operators.docker.DockerOperator","filename":"docker.py","lineno":66}
{"timestamp":"2025-11-24T13:07:27.132854Z","level":"info","event":"Transferring:","logger":"airflow.task.operators.airflow.providers.docker.operators.docker.DockerOperator","filename":"docker.py","lineno":66}
{"timestamp":"2025-11-24T13:07:27.132990Z","level":"info","event":" *                                    images.png: transferring","logger":"airflow.task.operators.airflow.providers.docker.operators.docker.DockerOperator","filename":"docker.py","lineno":66}
{"timestamp":"2025-11-24T13:07:27.133125Z","level":"info","event":" * psd-black-smartphone-w…isolated_1409-3968.jpg: transferring","logger":"airflow.task.operators.airflow.providers.docker.operators.docker.DockerOperator","filename":"docker.py","lineno":66}
{"timestamp":"2025-11-24T13:07:27.317381Z","level":"info","event":"Transferred:   \t   22.932 KiB / 22.932 KiB, 100%, 0 B/s, ETA -","logger":"airflow.task.operators.airflow.providers.docker.operators.docker.DockerOperator","filename":"docker.py","lineno":66}
{"timestamp":"2025-11-24T13:07:27.317878Z","level":"info","event":"Transferred:            2 / 2, 100%","logger":"airflow.task.operators.airflow.providers.docker.operators.docker.DockerOperator","filename":"docker.py","lineno":66}
{"timestamp":"2025-11-24T13:07:27.318257Z","level":"info","event":"Elapsed time:         8.3s","logger":"airflow.task.operators.airflow.providers.docker.operators.docker.DockerOperator","filename":"docker.py","lineno":66}
{"timestamp":"2025-11-24T13:07:27.329296Z","level":"info","event":"--- Start Data Collection from Google Drive","logger":"airflow.task.operators.airflow.providers.docker.operators.docker.DockerOperator","filename":"docker.py","lineno":66}
{"timestamp":"2025-11-24T13:07:27.656486Z","level":"info","event":"Pushing xcom","ti":"RuntimeTaskInstance(id=UUID('019ab5f9-c868-775b-b005-a5266928ad2f'), task_id='data_collection', dag_id='data_ingestion_and_label_request_dag', run_id='manual__2025-11-24T13:07:17.190619+00:00', try_number=1, dag_version_id=UUID('019ab5f9-a723-7b27-ab36-0b05c40ee50a'), map_index=-1, hostname='a7bc00a648a4', context_carrier={}, task=<Task(DockerOperator): data_collection>, bundle_instance=LocalDagBundle(name=dags-folder), max_tries=0, start_date=datetime.datetime(2025, 11, 24, 13, 7, 17, 769690, tzinfo=datetime.timezone.utc), end_date=None, state=<TaskInstanceState.RUNNING: 'running'>, is_mapped=False, rendered_map_index=None)","logger":"task","filename":"task_runner.py","lineno":1352}
