{"timestamp":"2025-11-24T13:02:34.604968Z","level":"info","event":"DAG bundles loaded: dags-folder","logger":"airflow.dag_processing.bundles.manager.DagBundlesManager","filename":"manager.py","lineno":179}
{"timestamp":"2025-11-24T13:02:34.608438Z","level":"info","event":"Filling up the DagBag from /opt/airflow/dags/full_model_dags.py","logger":"airflow.models.dagbag.DagBag","filename":"dagbag.py","lineno":593}
{"timestamp":"2025-11-24T13:02:35.087040Z","level":"info","event":"Starting docker container from image ml_pipeline:latest","logger":"airflow.task.operators.airflow.providers.docker.operators.docker.DockerOperator","filename":"docker.py","lineno":355}
{"timestamp":"2025-11-24T13:02:35.458327Z","level":"info","event":"root","logger":"airflow.task.operators.airflow.providers.docker.operators.docker.DockerOperator","filename":"docker.py","lineno":66}
{"timestamp":"2025-11-24T13:02:35.465646Z","level":"info","event":"-rw----r-- 1 1000 1000 525 Nov 15 12:46 /root/.config/rclone/rclone.conf","logger":"airflow.task.operators.airflow.providers.docker.operators.docker.DockerOperator","filename":"docker.py","lineno":66}
{"timestamp":"2025-11-24T13:02:42.626790Z","level":"info","event":"2025/11/24 13:02:42 ERROR : Failed to save config after 10 tries: failed to move previous config to backup location: rename /root/.config/rclone/rclone.conf /root/.config/rclone/rclone.conf.old: device or resource busy","logger":"airflow.task.operators.airflow.providers.docker.operators.docker.DockerOperator","filename":"docker.py","lineno":66}
{"timestamp":"2025-11-24T13:02:44.475665Z","level":"info","event":"Transferred:   \t          0 B / 0 B, -, 0 B/s, ETA -","logger":"airflow.task.operators.airflow.providers.docker.operators.docker.DockerOperator","filename":"docker.py","lineno":66}
{"timestamp":"2025-11-24T13:02:44.475848Z","level":"info","event":"Transferred:            0 / 2, 0%","logger":"airflow.task.operators.airflow.providers.docker.operators.docker.DockerOperator","filename":"docker.py","lineno":66}
{"timestamp":"2025-11-24T13:02:44.475962Z","level":"info","event":"Elapsed time:         8.6s","logger":"airflow.task.operators.airflow.providers.docker.operators.docker.DockerOperator","filename":"docker.py","lineno":66}
{"timestamp":"2025-11-24T13:02:44.476066Z","level":"info","event":"Transferring:","logger":"airflow.task.operators.airflow.providers.docker.operators.docker.DockerOperator","filename":"docker.py","lineno":66}
{"timestamp":"2025-11-24T13:02:44.476181Z","level":"info","event":" *                                    images.png: transferring","logger":"airflow.task.operators.airflow.providers.docker.operators.docker.DockerOperator","filename":"docker.py","lineno":66}
{"timestamp":"2025-11-24T13:02:44.476357Z","level":"info","event":" * psd-black-smartphone-w…isolated_1409-3968.jpg: transferring","logger":"airflow.task.operators.airflow.providers.docker.operators.docker.DockerOperator","filename":"docker.py","lineno":66}
{"timestamp":"2025-11-24T13:02:44.975735Z","level":"info","event":"Transferred:   \t          0 B / 0 B, -, 0 B/s, ETA -","logger":"airflow.task.operators.airflow.providers.docker.operators.docker.DockerOperator","filename":"docker.py","lineno":66}
{"timestamp":"2025-11-24T13:02:44.975888Z","level":"info","event":"Transferred:            0 / 2, 0%","logger":"airflow.task.operators.airflow.providers.docker.operators.docker.DockerOperator","filename":"docker.py","lineno":66}
{"timestamp":"2025-11-24T13:02:44.975965Z","level":"info","event":"Elapsed time:         9.1s","logger":"airflow.task.operators.airflow.providers.docker.operators.docker.DockerOperator","filename":"docker.py","lineno":66}
{"timestamp":"2025-11-24T13:02:44.976027Z","level":"info","event":"Transferring:","logger":"airflow.task.operators.airflow.providers.docker.operators.docker.DockerOperator","filename":"docker.py","lineno":66}
{"timestamp":"2025-11-24T13:02:44.976083Z","level":"info","event":" *                                    images.png: transferring","logger":"airflow.task.operators.airflow.providers.docker.operators.docker.DockerOperator","filename":"docker.py","lineno":66}
{"timestamp":"2025-11-24T13:02:44.976140Z","level":"info","event":" * psd-black-smartphone-w…isolated_1409-3968.jpg: transferring","logger":"airflow.task.operators.airflow.providers.docker.operators.docker.DockerOperator","filename":"docker.py","lineno":66}
{"timestamp":"2025-11-24T13:02:45.475685Z","level":"info","event":"Transferred:   \t          0 B / 0 B, -, 0 B/s, ETA -","logger":"airflow.task.operators.airflow.providers.docker.operators.docker.DockerOperator","filename":"docker.py","lineno":66}
{"timestamp":"2025-11-24T13:02:45.475920Z","level":"info","event":"Transferred:            0 / 2, 0%","logger":"airflow.task.operators.airflow.providers.docker.operators.docker.DockerOperator","filename":"docker.py","lineno":66}
{"timestamp":"2025-11-24T13:02:45.476044Z","level":"info","event":"Elapsed time:         9.6s","logger":"airflow.task.operators.airflow.providers.docker.operators.docker.DockerOperator","filename":"docker.py","lineno":66}
{"timestamp":"2025-11-24T13:02:45.476226Z","level":"info","event":"Transferring:","logger":"airflow.task.operators.airflow.providers.docker.operators.docker.DockerOperator","filename":"docker.py","lineno":66}
{"timestamp":"2025-11-24T13:02:45.476337Z","level":"info","event":" *                                    images.png: transferring","logger":"airflow.task.operators.airflow.providers.docker.operators.docker.DockerOperator","filename":"docker.py","lineno":66}
{"timestamp":"2025-11-24T13:02:45.476407Z","level":"info","event":" * psd-black-smartphone-w…isolated_1409-3968.jpg: transferring","logger":"airflow.task.operators.airflow.providers.docker.operators.docker.DockerOperator","filename":"docker.py","lineno":66}
{"timestamp":"2025-11-24T13:02:45.975413Z","level":"info","event":"Transferred:   \t   21.457 KiB / 21.457 KiB, 100%, 0 B/s, ETA -","logger":"airflow.task.operators.airflow.providers.docker.operators.docker.DockerOperator","filename":"docker.py","lineno":66}
{"timestamp":"2025-11-24T13:02:45.975620Z","level":"info","event":"Transferred:            1 / 2, 50%","logger":"airflow.task.operators.airflow.providers.docker.operators.docker.DockerOperator","filename":"docker.py","lineno":66}
{"timestamp":"2025-11-24T13:02:45.975747Z","level":"info","event":"Elapsed time:        10.1s","logger":"airflow.task.operators.airflow.providers.docker.operators.docker.DockerOperator","filename":"docker.py","lineno":66}
{"timestamp":"2025-11-24T13:02:45.975866Z","level":"info","event":"Transferring:","logger":"airflow.task.operators.airflow.providers.docker.operators.docker.DockerOperator","filename":"docker.py","lineno":66}
{"timestamp":"2025-11-24T13:02:45.976029Z","level":"info","event":" *                                    images.png: transferring","logger":"airflow.task.operators.airflow.providers.docker.operators.docker.DockerOperator","filename":"docker.py","lineno":66}
{"timestamp":"2025-11-24T13:02:46.081120Z","level":"info","event":"Transferred:   \t   22.932 KiB / 22.932 KiB, 100%, 0 B/s, ETA -","logger":"airflow.task.operators.airflow.providers.docker.operators.docker.DockerOperator","filename":"docker.py","lineno":66}
{"timestamp":"2025-11-24T13:02:46.081327Z","level":"info","event":"Transferred:            2 / 2, 100%","logger":"airflow.task.operators.airflow.providers.docker.operators.docker.DockerOperator","filename":"docker.py","lineno":66}
{"timestamp":"2025-11-24T13:02:46.081445Z","level":"info","event":"Elapsed time:        10.2s","logger":"airflow.task.operators.airflow.providers.docker.operators.docker.DockerOperator","filename":"docker.py","lineno":66}
{"timestamp":"2025-11-24T13:02:46.085775Z","level":"info","event":"--- Start Data Collection from Google Drive","logger":"airflow.task.operators.airflow.providers.docker.operators.docker.DockerOperator","filename":"docker.py","lineno":66}
{"timestamp":"2025-11-24T13:02:46.265038Z","level":"info","event":"Pushing xcom","ti":"RuntimeTaskInstance(id=UUID('019ab5f5-75ed-7c26-80f6-50c70b2b0bf1'), task_id='data_collection', dag_id='data_ingestion_and_label_request_dag', run_id='manual__2025-11-24T13:02:33.927735+00:00', try_number=1, dag_version_id=UUID('019ab5f5-4ac7-7260-b811-5ed3052fc5c8'), map_index=-1, hostname='a7bc00a648a4', context_carrier={}, task=<Task(DockerOperator): data_collection>, bundle_instance=LocalDagBundle(name=dags-folder), max_tries=0, start_date=datetime.datetime(2025, 11, 24, 13, 2, 34, 561571, tzinfo=datetime.timezone.utc), end_date=None, state=<TaskInstanceState.RUNNING: 'running'>, is_mapped=False, rendered_map_index=None)","logger":"task","filename":"task_runner.py","lineno":1352}
