{"timestamp":"2025-11-24T13:31:42.339848Z","level":"info","event":"DAG bundles loaded: dags-folder","logger":"airflow.dag_processing.bundles.manager.DagBundlesManager","filename":"manager.py","lineno":179}
{"timestamp":"2025-11-24T13:31:42.348239Z","level":"info","event":"Filling up the DagBag from /opt/airflow/dags/full_model_dags.py","logger":"airflow.models.dagbag.DagBag","filename":"dagbag.py","lineno":593}
{"timestamp":"2025-11-24T13:31:43.684277Z","level":"info","event":"Starting docker container from image ml_pipeline:latest","logger":"airflow.task.operators.airflow.providers.docker.operators.docker.DockerOperator","filename":"docker.py","lineno":355}
{"timestamp":"2025-11-24T13:31:49.991943Z","level":"info","event":"2025/11/24 13:31:49 ERROR : Failed to save config after 10 tries: failed to move previous config to backup location: rename /etc/rclone.conf /etc/rclone.conf.old: device or resource busy","logger":"airflow.task.operators.airflow.providers.docker.operators.docker.DockerOperator","filename":"docker.py","lineno":66}
{"timestamp":"2025-11-24T13:31:51.672462Z","level":"info","event":"Transferred:   \t          0 B / 0 B, -, 0 B/s, ETA -","logger":"airflow.task.operators.airflow.providers.docker.operators.docker.DockerOperator","filename":"docker.py","lineno":66}
{"timestamp":"2025-11-24T13:31:51.672770Z","level":"info","event":"Transferred:            0 / 3, 0%","logger":"airflow.task.operators.airflow.providers.docker.operators.docker.DockerOperator","filename":"docker.py","lineno":66}
{"timestamp":"2025-11-24T13:31:51.672937Z","level":"info","event":"Elapsed time:         7.1s","logger":"airflow.task.operators.airflow.providers.docker.operators.docker.DockerOperator","filename":"docker.py","lineno":66}
{"timestamp":"2025-11-24T13:31:51.673088Z","level":"info","event":"Transferring:","logger":"airflow.task.operators.airflow.providers.docker.operators.docker.DockerOperator","filename":"docker.py","lineno":66}
{"timestamp":"2025-11-24T13:31:51.673252Z","level":"info","event":" *                                   images.jpeg: transferring","logger":"airflow.task.operators.airflow.providers.docker.operators.docker.DockerOperator","filename":"docker.py","lineno":66}
{"timestamp":"2025-11-24T13:31:51.673399Z","level":"info","event":" *                                    images.png: transferring","logger":"airflow.task.operators.airflow.providers.docker.operators.docker.DockerOperator","filename":"docker.py","lineno":66}
{"timestamp":"2025-11-24T13:31:51.673528Z","level":"info","event":" * psd-black-smartphone-w…isolated_1409-3968.jpg: transferring","logger":"airflow.task.operators.airflow.providers.docker.operators.docker.DockerOperator","filename":"docker.py","lineno":66}
{"timestamp":"2025-11-24T13:31:52.173064Z","level":"info","event":"Transferred:   \t          0 B / 0 B, -, 0 B/s, ETA -","logger":"airflow.task.operators.airflow.providers.docker.operators.docker.DockerOperator","filename":"docker.py","lineno":66}
{"timestamp":"2025-11-24T13:31:52.173427Z","level":"info","event":"Transferred:            0 / 3, 0%","logger":"airflow.task.operators.airflow.providers.docker.operators.docker.DockerOperator","filename":"docker.py","lineno":66}
{"timestamp":"2025-11-24T13:31:52.173616Z","level":"info","event":"Elapsed time:         7.6s","logger":"airflow.task.operators.airflow.providers.docker.operators.docker.DockerOperator","filename":"docker.py","lineno":66}
{"timestamp":"2025-11-24T13:31:52.173768Z","level":"info","event":"Transferring:","logger":"airflow.task.operators.airflow.providers.docker.operators.docker.DockerOperator","filename":"docker.py","lineno":66}
{"timestamp":"2025-11-24T13:31:52.173912Z","level":"info","event":" *                                   images.jpeg: transferring","logger":"airflow.task.operators.airflow.providers.docker.operators.docker.DockerOperator","filename":"docker.py","lineno":66}
{"timestamp":"2025-11-24T13:31:52.174054Z","level":"info","event":" *                                    images.png: transferring","logger":"airflow.task.operators.airflow.providers.docker.operators.docker.DockerOperator","filename":"docker.py","lineno":66}
{"timestamp":"2025-11-24T13:31:52.174236Z","level":"info","event":" * psd-black-smartphone-w…isolated_1409-3968.jpg: transferring","logger":"airflow.task.operators.airflow.providers.docker.operators.docker.DockerOperator","filename":"docker.py","lineno":66}
{"timestamp":"2025-11-24T13:31:52.641763Z","level":"info","event":"Transferred:   \t   31.956 KiB / 31.956 KiB, 100%, 15.881 KiB/s, ETA 0s","logger":"airflow.task.operators.airflow.providers.docker.operators.docker.DockerOperator","filename":"docker.py","lineno":66}
{"timestamp":"2025-11-24T13:31:52.642258Z","level":"info","event":"Transferred:            3 / 3, 100%","logger":"airflow.task.operators.airflow.providers.docker.operators.docker.DockerOperator","filename":"docker.py","lineno":66}
{"timestamp":"2025-11-24T13:31:52.642625Z","level":"info","event":"Elapsed time:         8.1s","logger":"airflow.task.operators.airflow.providers.docker.operators.docker.DockerOperator","filename":"docker.py","lineno":66}
{"timestamp":"2025-11-24T13:31:52.653431Z","level":"info","event":"--- Start Data Collection from Google Drive","logger":"airflow.task.operators.airflow.providers.docker.operators.docker.DockerOperator","filename":"docker.py","lineno":66}
{"timestamp":"2025-11-24T13:31:52.992357Z","level":"info","event":"Pushing xcom","ti":"RuntimeTaskInstance(id=UUID('019ab610-1e0d-7a2f-8db4-1660d2947079'), task_id='data_collection', dag_id='data_ingestion_and_label_request_dag', run_id='manual__2025-11-24T13:31:40.919752+00:00', try_number=1, dag_version_id=UUID('019ab610-09ec-77d5-9a8e-281cfbfa4ec5'), map_index=-1, hostname='a7bc00a648a4', context_carrier={}, task=<Task(DockerOperator): data_collection>, bundle_instance=LocalDagBundle(name=dags-folder), max_tries=0, start_date=datetime.datetime(2025, 11, 24, 13, 31, 41, 958854, tzinfo=datetime.timezone.utc), end_date=None, state=<TaskInstanceState.RUNNING: 'running'>, is_mapped=False, rendered_map_index=None)","logger":"task","filename":"task_runner.py","lineno":1352}
