{"timestamp":"2025-11-24T13:10:01.791798Z","level":"info","event":"DAG bundles loaded: dags-folder","logger":"airflow.dag_processing.bundles.manager.DagBundlesManager","filename":"manager.py","lineno":179}
{"timestamp":"2025-11-24T13:10:01.800806Z","level":"info","event":"Filling up the DagBag from /opt/airflow/dags/full_model_dags.py","logger":"airflow.models.dagbag.DagBag","filename":"dagbag.py","lineno":593}
{"timestamp":"2025-11-24T13:10:04.679068Z","level":"info","event":"Starting docker container from image ml_pipeline:latest","logger":"airflow.task.operators.airflow.providers.docker.operators.docker.DockerOperator","filename":"docker.py","lineno":355}
{"timestamp":"2025-11-24T13:10:05.250612Z","level":"info","event":"root","logger":"airflow.task.operators.airflow.providers.docker.operators.docker.DockerOperator","filename":"docker.py","lineno":66}
{"timestamp":"2025-11-24T13:10:05.257911Z","level":"info","event":"-rw----r-- 1 1000 1000 525 Nov 15 12:46 /root/.config/rclone/rclone.conf","logger":"airflow.task.operators.airflow.providers.docker.operators.docker.DockerOperator","filename":"docker.py","lineno":66}
{"timestamp":"2025-11-24T13:10:11.049713Z","level":"info","event":"2025/11/24 13:10:11 ERROR : Failed to save config after 10 tries: failed to move previous config to backup location: rename /root/.config/rclone/rclone.conf /root/.config/rclone/rclone.conf.old: device or resource busy","logger":"airflow.task.operators.airflow.providers.docker.operators.docker.DockerOperator","filename":"docker.py","lineno":66}
{"timestamp":"2025-11-24T13:10:12.820745Z","level":"info","event":"Transferred:   \t          0 B / 0 B, -, 0 B/s, ETA -","logger":"airflow.task.operators.airflow.providers.docker.operators.docker.DockerOperator","filename":"docker.py","lineno":66}
{"timestamp":"2025-11-24T13:10:12.821272Z","level":"info","event":"Transferred:            0 / 3, 0%","logger":"airflow.task.operators.airflow.providers.docker.operators.docker.DockerOperator","filename":"docker.py","lineno":66}
{"timestamp":"2025-11-24T13:10:12.821535Z","level":"info","event":"Elapsed time:         7.2s","logger":"airflow.task.operators.airflow.providers.docker.operators.docker.DockerOperator","filename":"docker.py","lineno":66}
{"timestamp":"2025-11-24T13:10:12.821749Z","level":"info","event":"Transferring:","logger":"airflow.task.operators.airflow.providers.docker.operators.docker.DockerOperator","filename":"docker.py","lineno":66}
{"timestamp":"2025-11-24T13:10:12.821965Z","level":"info","event":" *                                    images.png: transferring","logger":"airflow.task.operators.airflow.providers.docker.operators.docker.DockerOperator","filename":"docker.py","lineno":66}
{"timestamp":"2025-11-24T13:10:12.822170Z","level":"info","event":" *                                   images.jpeg: transferring","logger":"airflow.task.operators.airflow.providers.docker.operators.docker.DockerOperator","filename":"docker.py","lineno":66}
{"timestamp":"2025-11-24T13:10:12.822397Z","level":"info","event":" * psd-black-smartphone-w…isolated_1409-3968.jpg: transferring","logger":"airflow.task.operators.airflow.providers.docker.operators.docker.DockerOperator","filename":"docker.py","lineno":66}
{"timestamp":"2025-11-24T13:10:13.319522Z","level":"info","event":"Transferred:   \t          0 B / 0 B, -, 0 B/s, ETA -","logger":"airflow.task.operators.airflow.providers.docker.operators.docker.DockerOperator","filename":"docker.py","lineno":66}
{"timestamp":"2025-11-24T13:10:13.319844Z","level":"info","event":"Transferred:            0 / 3, 0%","logger":"airflow.task.operators.airflow.providers.docker.operators.docker.DockerOperator","filename":"docker.py","lineno":66}
{"timestamp":"2025-11-24T13:10:13.320079Z","level":"info","event":"Elapsed time:         7.7s","logger":"airflow.task.operators.airflow.providers.docker.operators.docker.DockerOperator","filename":"docker.py","lineno":66}
{"timestamp":"2025-11-24T13:10:13.320338Z","level":"info","event":"Transferring:","logger":"airflow.task.operators.airflow.providers.docker.operators.docker.DockerOperator","filename":"docker.py","lineno":66}
{"timestamp":"2025-11-24T13:10:13.320943Z","level":"info","event":" *                                    images.png: transferring","logger":"airflow.task.operators.airflow.providers.docker.operators.docker.DockerOperator","filename":"docker.py","lineno":66}
{"timestamp":"2025-11-24T13:10:13.321544Z","level":"info","event":" *                                   images.jpeg: transferring","logger":"airflow.task.operators.airflow.providers.docker.operators.docker.DockerOperator","filename":"docker.py","lineno":66}
{"timestamp":"2025-11-24T13:10:13.321796Z","level":"info","event":" * psd-black-smartphone-w…isolated_1409-3968.jpg: transferring","logger":"airflow.task.operators.airflow.providers.docker.operators.docker.DockerOperator","filename":"docker.py","lineno":66}
{"timestamp":"2025-11-24T13:10:13.819787Z","level":"info","event":"Transferred:   \t   21.457 KiB / 21.457 KiB, 100%, 21.455 KiB/s, ETA 0s","logger":"airflow.task.operators.airflow.providers.docker.operators.docker.DockerOperator","filename":"docker.py","lineno":66}
{"timestamp":"2025-11-24T13:10:13.819959Z","level":"info","event":"Transferred:            1 / 3, 33%","logger":"airflow.task.operators.airflow.providers.docker.operators.docker.DockerOperator","filename":"docker.py","lineno":66}
{"timestamp":"2025-11-24T13:10:13.820042Z","level":"info","event":"Elapsed time:         8.2s","logger":"airflow.task.operators.airflow.providers.docker.operators.docker.DockerOperator","filename":"docker.py","lineno":66}
{"timestamp":"2025-11-24T13:10:13.820113Z","level":"info","event":"Transferring:","logger":"airflow.task.operators.airflow.providers.docker.operators.docker.DockerOperator","filename":"docker.py","lineno":66}
{"timestamp":"2025-11-24T13:10:13.820180Z","level":"info","event":" *                                    images.png: transferring","logger":"airflow.task.operators.airflow.providers.docker.operators.docker.DockerOperator","filename":"docker.py","lineno":66}
{"timestamp":"2025-11-24T13:10:13.820286Z","level":"info","event":" *                                   images.jpeg: transferring","logger":"airflow.task.operators.airflow.providers.docker.operators.docker.DockerOperator","filename":"docker.py","lineno":66}
{"timestamp":"2025-11-24T13:10:14.099048Z","level":"info","event":"Transferred:   \t   31.956 KiB / 31.956 KiB, 100%, 21.455 KiB/s, ETA 0s","logger":"airflow.task.operators.airflow.providers.docker.operators.docker.DockerOperator","filename":"docker.py","lineno":66}
{"timestamp":"2025-11-24T13:10:14.099506Z","level":"info","event":"Transferred:            3 / 3, 100%","logger":"airflow.task.operators.airflow.providers.docker.operators.docker.DockerOperator","filename":"docker.py","lineno":66}
{"timestamp":"2025-11-24T13:10:14.099759Z","level":"info","event":"Elapsed time:         8.5s","logger":"airflow.task.operators.airflow.providers.docker.operators.docker.DockerOperator","filename":"docker.py","lineno":66}
{"timestamp":"2025-11-24T13:10:14.113704Z","level":"info","event":"--- Start Data Collection from Google Drive","logger":"airflow.task.operators.airflow.providers.docker.operators.docker.DockerOperator","filename":"docker.py","lineno":66}
{"timestamp":"2025-11-24T13:10:14.451563Z","level":"info","event":"Pushing xcom","ti":"RuntimeTaskInstance(id=UUID('019ab5fc-479f-733b-a187-fa1852f3cc06'), task_id='data_collection', dag_id='data_ingestion_and_label_request_dag', run_id='manual__2025-11-24T13:10:00.802075+00:00', try_number=1, dag_version_id=UUID('019ab5f9-a723-7b27-ab36-0b05c40ee50a'), map_index=-1, hostname='a7bc00a648a4', context_carrier={}, task=<Task(DockerOperator): data_collection>, bundle_instance=LocalDagBundle(name=dags-folder), max_tries=0, start_date=datetime.datetime(2025, 11, 24, 13, 10, 1, 651845, tzinfo=datetime.timezone.utc), end_date=None, state=<TaskInstanceState.RUNNING: 'running'>, is_mapped=False, rendered_map_index=None)","logger":"task","filename":"task_runner.py","lineno":1352}
